<?xml version="1.0" encoding="UTF-8"?>
<!-- Generated by org.testng.reporters.JUnitXMLReporter -->
<testsuite ignored="0" hostname="DESKTOP-HGROIGC" failures="0" tests="3" name="PetStoreTests" time="6.045" errors="0" timestamp="2024-11-15T11:55:09 IST">
  <testcase classname="api.test.StoreTests2" name="testPostStore" time="3.273"/>
  <testcase classname="api.test.StoreTests2" name="testGetStore" time="1.17"/>
  <testcase classname="api.test.StoreTests2" name="testDeleteStore" time="1.223"/>
</testsuite> <!-- PetStoreTests -->
