<?xml version="1.0" encoding="UTF-8"?>
<!-- Generated by org.testng.reporters.JUnitXMLReporter -->
<testsuite ignored="0" hostname="DESKTOP-HGROIGC" failures="0" tests="6" name="Default test" time="10.448" errors="0" timestamp="2024-11-14T19:43:23 IST">
  <testcase classname="api.test.StoreDDTests" name="testPostStore" time="3.193"/>
  <testcase classname="api.test.StoreDDTests" name="testPostStore" time="1.192"/>
  <testcase classname="api.test.StoreDDTests" name="testPostStore" time="1.257"/>
  <testcase classname="api.test.StoreDDTests" name="testDeleteStoreByOrderId" time="1.209"/>
  <testcase classname="api.test.StoreDDTests" name="testDeleteStoreByOrderId" time="1.209"/>
  <testcase classname="api.test.StoreDDTests" name="testDeleteStoreByOrderId" time="1.272"/>
</testsuite> <!-- Default test -->
