<?xml version="1.0" encoding="UTF-8"?>
<!-- Generated by org.testng.reporters.JUnitXMLReporter -->
<testsuite ignored="0" hostname="DESKTOP-HGROIGC" failures="0" tests="6" name="Default test" time="12.812" errors="0" timestamp="2024-11-08T12:21:25 IST">
  <testcase classname="api.test.DDTests" name="testPostuser" time="3.359"/>
  <testcase classname="api.test.DDTests" name="testPostuser" time="1.354"/>
  <testcase classname="api.test.DDTests" name="testPostuser" time="1.322"/>
  <testcase classname="api.test.DDTests" name="testDeleteUserByName" time="2.438"/>
  <testcase classname="api.test.DDTests" name="testDeleteUserByName" time="1.58"/>
  <testcase classname="api.test.DDTests" name="testDeleteUserByName" time="1.333"/>
</testsuite> <!-- Default test -->
