<?xml version="1.0" encoding="UTF-8"?>
<testng-results ignored="0" total="3" passed="3" failed="0" skipped="0">
  <reporter-output>
  </reporter-output>
  <suite started-at="2024-11-15T11:55:02 IST" name="PetStoreSuite" finished-at="2024-11-15T11:55:08 IST" duration-ms="6045">
    <groups>
    </groups>
    <test started-at="2024-11-15T11:55:02 IST" name="PetStoreTests" finished-at="2024-11-15T11:55:08 IST" duration-ms="6045">
      <class name="api.test.StoreTests2">
        <test-method is-config="true" signature="setUp()[pri:0, instance:api.test.StoreTests2@7f3b84b8]" started-at="2024-11-15T11:55:02 IST" name="setUp" finished-at="2024-11-15T11:55:02 IST" duration-ms="104" status="PASS">
          <reporter-output>
          </reporter-output>
        </test-method> <!-- setUp -->
        <test-method signature="testPostStore()[pri:1, instance:api.test.StoreTests2@7f3b84b8]" started-at="2024-11-15T11:55:02 IST" name="testPostStore" finished-at="2024-11-15T11:55:05 IST" duration-ms="3273" status="PASS">
          <reporter-output>
          </reporter-output>
        </test-method> <!-- testPostStore -->
        <test-method signature="testGetStore()[pri:2, instance:api.test.StoreTests2@7f3b84b8]" started-at="2024-11-15T11:55:05 IST" name="testGetStore" finished-at="2024-11-15T11:55:06 IST" duration-ms="1170" status="PASS">
          <reporter-output>
          </reporter-output>
        </test-method> <!-- testGetStore -->
        <test-method signature="testDeleteStore()[pri:3, instance:api.test.StoreTests2@7f3b84b8]" started-at="2024-11-15T11:55:06 IST" name="testDeleteStore" finished-at="2024-11-15T11:55:08 IST" duration-ms="1223" status="PASS">
          <reporter-output>
          </reporter-output>
        </test-method> <!-- testDeleteStore -->
      </class> <!-- api.test.StoreTests2 -->
    </test> <!-- PetStoreTests -->
  </suite> <!-- PetStoreSuite -->
</testng-results>
