<?xml version="1.0" encoding="UTF-8"?>
<testng-results ignored="0" total="4" passed="4" failed="0" skipped="0">
  <reporter-output>
  </reporter-output>
  <suite started-at="2024-11-09T13:24:42 IST" name="PetSuite" finished-at="2024-11-09T13:24:58 IST" duration-ms="15610">
    <groups>
    </groups>
    <test started-at="2024-11-09T13:24:42 IST" name="PetTests" finished-at="2024-11-09T13:24:58 IST" duration-ms="15610">
      <class name="api.test.UserTests">
        <test-method is-config="true" signature="setup()[pri:0, instance:api.test.UserTests@77847718]" started-at="2024-11-09T13:24:43 IST" name="setup" finished-at="2024-11-09T13:24:44 IST" duration-ms="1397" status="PASS">
          <reporter-output>
          </reporter-output>
        </test-method> <!-- setup -->
        <test-method signature="testPostUser()[pri:1, instance:api.test.UserTests@77847718]" started-at="2024-11-09T13:24:44 IST" name="testPostUser" finished-at="2024-11-09T13:24:52 IST" duration-ms="7494" status="PASS">
          <reporter-output>
          </reporter-output>
        </test-method> <!-- testPostUser -->
        <test-method signature="testGetUserByName()[pri:2, instance:api.test.UserTests@77847718]" started-at="2024-11-09T13:24:52 IST" name="testGetUserByName" finished-at="2024-11-09T13:24:53 IST" duration-ms="1420" status="PASS">
          <reporter-output>
          </reporter-output>
        </test-method> <!-- testGetUserByName -->
        <test-method signature="testUpdateUserByname()[pri:3, instance:api.test.UserTests@77847718]" started-at="2024-11-09T13:24:53 IST" name="testUpdateUserByname" finished-at="2024-11-09T13:24:56 IST" duration-ms="3299" status="PASS">
          <reporter-output>
          </reporter-output>
        </test-method> <!-- testUpdateUserByname -->
        <test-method signature="testDeleteUserByName()[pri:4, instance:api.test.UserTests@77847718]" started-at="2024-11-09T13:24:56 IST" name="testDeleteUserByName" finished-at="2024-11-09T13:24:58 IST" duration-ms="1365" status="PASS">
          <reporter-output>
          </reporter-output>
        </test-method> <!-- testDeleteUserByName -->
      </class> <!-- api.test.UserTests -->
    </test> <!-- PetTests -->
  </suite> <!-- PetSuite -->
</testng-results>
