<?xml version="1.0" encoding="UTF-8"?>
<testng-results ignored="0" total="4" passed="4" failed="0" skipped="0">
  <reporter-output>
  </reporter-output>
  <suite started-at="2024-11-08T19:50:22 IST" name="PetSuite" finished-at="2024-11-08T19:50:33 IST" duration-ms="11504">
    <groups>
    </groups>
    <test started-at="2024-11-08T19:50:22 IST" name="PetTests" finished-at="2024-11-08T19:50:33 IST" duration-ms="11504">
      <class name="api.test.UserTests">
        <test-method is-config="true" signature="setup()[pri:0, instance:api.test.UserTests@6f03482]" started-at="2024-11-08T19:50:23 IST" name="setup" finished-at="2024-11-08T19:50:23 IST" duration-ms="874" status="PASS">
          <reporter-output>
          </reporter-output>
        </test-method> <!-- setup -->
        <test-method signature="testPostUser()[pri:1, instance:api.test.UserTests@6f03482]" started-at="2024-11-08T19:50:23 IST" name="testPostUser" finished-at="2024-11-08T19:50:28 IST" duration-ms="4148" status="PASS">
          <reporter-output>
          </reporter-output>
        </test-method> <!-- testPostUser -->
        <test-method signature="testGetUserByName()[pri:2, instance:api.test.UserTests@6f03482]" started-at="2024-11-08T19:50:28 IST" name="testGetUserByName" finished-at="2024-11-08T19:50:29 IST" duration-ms="1387" status="PASS">
          <reporter-output>
          </reporter-output>
        </test-method> <!-- testGetUserByName -->
        <test-method signature="testUpdateUserByname()[pri:3, instance:api.test.UserTests@6f03482]" started-at="2024-11-08T19:50:29 IST" name="testUpdateUserByname" finished-at="2024-11-08T19:50:32 IST" duration-ms="3146" status="PASS">
          <reporter-output>
          </reporter-output>
        </test-method> <!-- testUpdateUserByname -->
        <test-method signature="testDeleteUserByName()[pri:4, instance:api.test.UserTests@6f03482]" started-at="2024-11-08T19:50:32 IST" name="testDeleteUserByName" finished-at="2024-11-08T19:50:33 IST" duration-ms="1343" status="PASS">
          <reporter-output>
          </reporter-output>
        </test-method> <!-- testDeleteUserByName -->
      </class> <!-- api.test.UserTests -->
    </test> <!-- PetTests -->
  </suite> <!-- PetSuite -->
</testng-results>
