<?xml version="1.0" encoding="UTF-8"?>
<testng-results ignored="0" total="3" passed="3" failed="0" skipped="0">
  <reporter-output>
  </reporter-output>
  <suite started-at="2024-11-14T23:12:19 IST" name="PetStoreSuite" finished-at="2024-11-14T23:12:27 IST" duration-ms="8144">
    <groups>
    </groups>
    <test started-at="2024-11-14T23:12:19 IST" name="PetStoreTests" finished-at="2024-11-14T23:12:27 IST" duration-ms="8144">
      <class name="api.test.StoreTests2">
        <test-method is-config="true" signature="setUp()[pri:0, instance:api.test.StoreTests2@9d5509a]" started-at="2024-11-14T23:12:19 IST" name="setUp" finished-at="2024-11-14T23:12:19 IST" duration-ms="211" status="PASS">
          <reporter-output>
          </reporter-output>
        </test-method> <!-- setUp -->
        <test-method signature="testPostStore()[pri:1, instance:api.test.StoreTests2@9d5509a]" started-at="2024-11-14T23:12:19 IST" name="testPostStore" finished-at="2024-11-14T23:12:24 IST" duration-ms="4839" status="PASS">
          <reporter-output>
          </reporter-output>
        </test-method> <!-- testPostStore -->
        <test-method signature="testGetStore()[pri:2, instance:api.test.StoreTests2@9d5509a]" started-at="2024-11-14T23:12:24 IST" name="testGetStore" finished-at="2024-11-14T23:12:26 IST" duration-ms="1336" status="PASS">
          <reporter-output>
          </reporter-output>
        </test-method> <!-- testGetStore -->
        <test-method signature="testDeleteStore()[pri:3, instance:api.test.StoreTests2@9d5509a]" started-at="2024-11-14T23:12:26 IST" name="testDeleteStore" finished-at="2024-11-14T23:12:27 IST" duration-ms="1228" status="PASS">
          <reporter-output>
          </reporter-output>
        </test-method> <!-- testDeleteStore -->
      </class> <!-- api.test.StoreTests2 -->
    </test> <!-- PetStoreTests -->
  </suite> <!-- PetStoreSuite -->
</testng-results>
