<?xml version="1.0" encoding="UTF-8"?>
<!-- Generated by org.testng.reporters.JUnitXMLReporter -->
<testsuite ignored="0" hostname="DESKTOP-HGROIGC" failures="0" tests="4" name="PetTests" time="13.562" errors="0" timestamp="2024-11-13T19:38:41 IST">
  <testcase classname="api.test.UserTests" name="testPostUser" time="5.444"/>
  <testcase classname="api.test.UserTests" name="testGetUserByName" time="1.327"/>
  <testcase classname="api.test.UserTests" name="testUpdateUserByname" time="2.635"/>
  <testcase classname="api.test.UserTests" name="testDeleteUserByName" time="1.344"/>
</testsuite> <!-- PetTests -->
