<?xml version="1.0" encoding="UTF-8"?>
<!-- Generated by org.testng.reporters.JUnitXMLReporter -->
<testsuite ignored="0" hostname="DESKTOP-HGROIGC" failures="0" tests="4" name="PetTests" time="15.61" errors="0" timestamp="2024-11-09T13:24:59 IST">
  <testcase classname="api.test.UserTests" name="testPostUser" time="7.494"/>
  <testcase classname="api.test.UserTests" name="testGetUserByName" time="1.42"/>
  <testcase classname="api.test.UserTests" name="testUpdateUserByname" time="3.299"/>
  <testcase classname="api.test.UserTests" name="testDeleteUserByName" time="1.365"/>
</testsuite> <!-- PetTests -->
