<?xml version="1.0" encoding="UTF-8"?>
<!-- Generated by org.testng.reporters.JUnitXMLReporter -->
<testsuite ignored="0" hostname="DESKTOP-HGROIGC" failures="0" tests="3" name="PetStoreTests" time="8.144" errors="0" timestamp="2024-11-14T23:12:27 IST">
  <testcase classname="api.test.StoreTests2" name="testPostStore" time="4.839"/>
  <testcase classname="api.test.StoreTests2" name="testGetStore" time="1.336"/>
  <testcase classname="api.test.StoreTests2" name="testDeleteStore" time="1.228"/>
</testsuite> <!-- PetStoreTests -->
