<?xml version="1.0" encoding="UTF-8"?>
<!-- Generated by org.testng.reporters.JUnitXMLReporter -->
<testsuite ignored="0" hostname="DESKTOP-HGROIGC" failures="0" tests="4" name="PetTests" time="11.504" errors="0" timestamp="2024-11-08T19:50:34 IST">
  <testcase classname="api.test.UserTests" name="testPostUser" time="4.148"/>
  <testcase classname="api.test.UserTests" name="testGetUserByName" time="1.387"/>
  <testcase classname="api.test.UserTests" name="testUpdateUserByname" time="3.146"/>
  <testcase classname="api.test.UserTests" name="testDeleteUserByName" time="1.343"/>
</testsuite> <!-- PetTests -->
